# JRE version: OpenJDK Runtime Environment (11.0.12+7) (build 11.0.12+7-b1504.28-7817840)
# Java VM: OpenJDK 64-Bit Server VM (11.0.12+7-b1504.28-7817840, mixed mode, tiered, compressed oops, g1 gc, windows-amd64)
Heap:
 garbage-first heap   total 348160K, used 221710K [0x0000000080000000, 0x0000000100000000)
  region size 1024K, 8 young (8192K), 3 survivors (3072K)
 Metaspace       used 123971K, capacity 127093K, committed 127616K, reserved 1159168K
  class space    used 15604K, capacity 16771K, committed 17024K, reserved 1048576K
GC Heap History (20 events):
Event: 12.402 GC heap after
{Heap after GC invocations=21 (full 0):
 garbage-first heap   total 348160K, used 124974K [0x0000000080000000, 0x0000000100000000)
  region size 1024K, 2 young (2048K), 2 survivors (2048K)
 Metaspace       used 100248K, capacity 102481K, committed 102912K, reserved 1138688K
  class space    used 12610K, capacity 13470K, committed 13568K, reserved 1048576K
}
Event: 12.430 GC heap before
{Heap before GC invocations=21 (full 0):
 garbage-first heap   total 348160K, used 161838K [0x0000000080000000, 0x0000000100000000)
  region size 1024K, 10 young (10240K), 2 survivors (2048K)
 Metaspace       used 100307K, capacity 102545K, committed 102912K, reserved 1138688K
  class space    used 12610K, capacity 13470K, committed 13568K, reserved 1048576K
}
Event: 12.433 GC heap after
{Heap after GC invocations=22 (full 0):
 garbage-first heap   total 348160K, used 139187K [0x0000000080000000, 0x0000000100000000)
  region size 1024K, 2 young (2048K), 2 survivors (2048K)
 Metaspace       used 100307K, capacity 102545K, committed 102912K, reserved 1138688K
  class space    used 12610K, capacity 13470K, committed 13568K, reserved 1048576K
}
Event: 13.193 GC heap before
{Heap before GC invocations=23 (full 0):
 garbage-first heap   total 348160K, used 275076K [0x0000000080000000, 0x0000000100000000)
  region size 1024K, 93 young (95232K), 2 survivors (2048K)
 Metaspace       used 101797K, capacity 104110K, committed 104320K, reserved 1140736K
  class space    used 12758K, capacity 13615K, committed 13696K, reserved 1048576K
}
Event: 13.199 GC heap after
{Heap after GC invocations=24 (full 0):
 garbage-first heap   total 348160K, used 119859K [0x0000000080000000, 0x0000000100000000)
  region size 1024K, 8 young (8192K), 8 survivors (8192K)
 Metaspace       used 101797K, capacity 104110K, committed 104320K, reserved 1140736K
  class space    used 12758K, capacity 13615K, committed 13696K, reserved 1048576K
}
Event: 13.284 GC heap before
{Heap before GC invocations=24 (full 0):
 garbage-first heap   total 348160K, used 128051K [0x0000000080000000, 0x0000000100000000)
  region size 1024K, 17 young (17408K), 8 survivors (8192K)
 Metaspace       used 102456K, capacity 104733K, committed 105216K, reserved 1140736K
  class space    used 12818K, capacity 13651K, committed 13824K, reserved 1048576K
}
Event: 13.289 GC heap after
{Heap after GC invocations=25 (full 0):
 garbage-first heap   total 348160K, used 112523K [0x0000000080000000, 0x0000000100000000)
  region size 1024K, 1 young (1024K), 1 survivors (1024K)
 Metaspace       used 102456K, capacity 104733K, committed 105216K, reserved 1140736K
  class space    used 12818K, capacity 13651K, committed 13824K, reserved 1048576K
}
Event: 13.894 GC heap before
{Heap before GC invocations=25 (full 0):
 garbage-first heap   total 348160K, used 230283K [0x0000000080000000, 0x0000000100000000)
  region size 1024K, 117 young (119808K), 1 survivors (1024K)
 Metaspace       used 107381K, capacity 109789K, committed 110080K, reserved 1144832K
  class space    used 13419K, capacity 14281K, committed 14336K, reserved 1048576K
}
Event: 13.900 GC heap after
{Heap after GC invocations=26 (full 0):
 garbage-first heap   total 348160K, used 116888K [0x0000000080000000, 0x0000000100000000)
  region size 1024K, 6 young (6144K), 6 survivors (6144K)
 Metaspace       used 107381K, capacity 109789K, committed 110080K, reserved 1144832K
  class space    used 13419K, capacity 14281K, committed 14336K, reserved 1048576K
}
Event: 14.206 GC heap before
{Heap before GC invocations=26 (full 0):
 garbage-first heap   total 348160K, used 240792K [0x0000000080000000, 0x0000000100000000)
  region size 1024K, 128 young (131072K), 6 survivors (6144K)
 Metaspace       used 108487K, capacity 110951K, committed 111104K, reserved 1146880K
  class space    used 13545K, capacity 14495K, committed 14592K, reserved 1048576K
}
Event: 14.216 GC heap after
{Heap after GC invocations=27 (full 0):
 garbage-first heap   total 348160K, used 123329K [0x0000000080000000, 0x0000000100000000)
  region size 1024K, 12 young (12288K), 12 survivors (12288K)
 Metaspace       used 108487K, capacity 110951K, committed 111104K, reserved 1146880K
  class space    used 13545K, capacity 14495K, committed 14592K, reserved 1048576K
}
Event: 14.927 GC heap before
{Heap before GC invocations=27 (full 0):
 garbage-first heap   total 348160K, used 252353K [0x0000000080000000, 0x0000000100000000)
  region size 1024K, 137 young (140288K), 12 survivors (12288K)
 Metaspace       used 119602K, capacity 122672K, committed 122880K, reserved 1155072K
  class space    used 15178K, capacity 16370K, committed 16384K, reserved 1048576K
}
Event: 14.940 GC heap after
{Heap after GC invocations=28 (full 0):
 garbage-first heap   total 348160K, used 135998K [0x0000000080000000, 0x0000000100000000)
  region size 1024K, 17 young (17408K), 17 survivors (17408K)
 Metaspace       used 119602K, capacity 122672K, committed 122880K, reserved 1155072K
  class space    used 15178K, capacity 16370K, committed 16384K, reserved 1048576K
}
Event: 15.545 GC heap before
{Heap before GC invocations=28 (full 0):
 garbage-first heap   total 348160K, used 293694K [0x0000000080000000, 0x0000000100000000)
  region size 1024K, 139 young (142336K), 17 survivors (17408K)
 Metaspace       used 124019K, capacity 127292K, committed 127616K, reserved 1159168K
  class space    used 15646K, capacity 16916K, committed 17024K, reserved 1048576K
}
Event: 15.557 GC heap after
{Heap after GC invocations=29 (full 0):
 garbage-first heap   total 348160K, used 167293K [0x0000000080000000, 0x0000000100000000)
  region size 1024K, 15 young (15360K), 15 survivors (15360K)
 Metaspace       used 124019K, capacity 127292K, committed 127616K, reserved 1159168K
  class space    used 15646K, capacity 16916K, committed 17024K, reserved 1048576K
}
Event: 15.558 GC heap before
{Heap before GC invocations=29 (full 0):
 garbage-first heap   total 348160K, used 170365K [0x0000000080000000, 0x0000000100000000)
  region size 1024K, 16 young (16384K), 15 survivors (15360K)
 Metaspace       used 124019K, capacity 127292K, committed 127616K, reserved 1159168K
  class space    used 15646K, capacity 16916K, committed 17024K, reserved 1048576K
}
Event: 15.563 GC heap after
{Heap after GC invocations=30 (full 0):
 garbage-first heap   total 348160K, used 172123K [0x0000000080000000, 0x0000000100000000)
  region size 1024K, 1 young (1024K), 1 survivors (1024K)
 Metaspace       used 124019K, capacity 127292K, committed 127616K, reserved 1159168K
  class space    used 15646K, capacity 16916K, committed 17024K, reserved 1048576K
}
Event: 15.839 GC heap before
{Heap before GC invocations=31 (full 0):
 garbage-first heap   total 348160K, used 285787K [0x0000000080000000, 0x0000000100000000)
  region size 1024K, 90 young (92160K), 1 survivors (1024K)
 Metaspace       used 123824K, capacity 126929K, committed 127616K, reserved 1159168K
  class space    used 15539K, capacity 16713K, committed 17024K, reserved 1048576K
}
Event: 15.864 GC heap after
{Heap after GC invocations=32 (full 0):
 garbage-first heap   total 348160K, used 214544K [0x0000000080000000, 0x0000000100000000)
  region size 1024K, 12 young (12288K), 12 survivors (12288K)
 Metaspace       used 123824K, capacity 126929K, committed 127616K, reserved 1159168K
  class space    used 15539K, capacity 16713K, committed 17024K, reserved 1048576K
}
Event: 15.888 GC heap before
{Heap before GC invocations=32 (full 0):
 garbage-first heap   total 348160K, used 220688K [0x0000000080000000, 0x0000000100000000)
  region size 1024K, 17 young (17408K), 12 survivors (12288K)
 Metaspace       used 123971K, capacity 127093K, committed 127616K, reserved 1159168K
  class space    used 15604K, capacity 16771K, committed 17024K, reserved 1048576K
}

